[INFO] Scanning for projects...
[INFO] 
[INFO] -----------------------< com.shieldai:dashboard >-----------------------
[INFO] Building dashboard 1.0-SNAPSHOT
[INFO]   from pom.xml
[INFO] --------------------------------[ jar ]---------------------------------
[INFO] 
[INFO] >>> spring-boot:3.2.0:run (default-cli) > test-compile @ dashboard >>>
[INFO] 
[INFO] --- resources:3.3.1:resources (default-resources) @ dashboard ---
[INFO] Copying 1 resource from src/main/resources to target/classes
[INFO] Copying 0 resource from src/main/resources to target/classes
[INFO] 
[INFO] --- compiler:3.13.0:compile (default-compile) @ dashboard ---
[INFO] Nothing to compile - all classes are up to date.
[INFO] 
[INFO] --- resources:3.3.1:testResources (default-testResources) @ dashboard ---
[INFO] skip non existing resourceDirectory /Users/srishtigupta/ShieldAI/dashboard/src/test/resources
[INFO] 
[INFO] --- compiler:3.13.0:testCompile (default-testCompile) @ dashboard ---
[INFO] No sources to compile
[INFO] 
[INFO] <<< spring-boot:3.2.0:run (default-cli) < test-compile @ dashboard <<<
[INFO] 
[INFO] 
[INFO] --- spring-boot:3.2.0:run (default-cli) @ dashboard ---
[INFO] Attaching agents: []
  .   ____          _            __ _ _
 /\\ / ___'_ __ _ _(_)_ __  __ _ \ \ \ \
( ( )\___ | '_ | '_| | '_ \/ _` | \ \ \ \
 \\/  ___)| |_)| | | | | || (_| |  ) ) ) )
  '  |____| .__|_| |_|_| |_\__, | / / / /
 =========|_|==============|___/=/_/_/_/

 :: Spring Boot ::                (v3.3.0)

2025-09-07T16:04:10.199+05:30  INFO 59925 --- [           main] c.s.d.ShieldAIDashboardApplication       : Starting ShieldAIDashboardApplication using Java 17.0.12 with PID 59925 (/Users/srishtigupta/ShieldAI/dashboard/target/classes started by srishtigupta in /Users/srishtigupta/ShieldAI/dashboard)
2025-09-07T16:04:10.200+05:30  INFO 59925 --- [           main] c.s.d.ShieldAIDashboardApplication       : No active profile set, falling back to 1 default profile: "default"
2025-09-07T16:04:10.381+05:30  INFO 59925 --- [           main] .s.d.r.c.RepositoryConfigurationDelegate : Bootstrapping Spring Data JPA repositories in DEFAULT mode.
2025-09-07T16:04:10.397+05:30  INFO 59925 --- [           main] .s.d.r.c.RepositoryConfigurationDelegate : Finished Spring Data repository scanning in 14 ms. Found 4 JPA repository interfaces.
2025-09-07T16:04:10.540+05:30  INFO 59925 --- [           main] o.s.b.w.embedded.tomcat.TomcatWebServer  : Tomcat initialized with port 8080 (http)
2025-09-07T16:04:10.543+05:30  INFO 59925 --- [           main] o.apache.catalina.core.StandardService   : Starting service [Tomcat]
2025-09-07T16:04:10.544+05:30  INFO 59925 --- [           main] o.apache.catalina.core.StandardEngine    : Starting Servlet engine: [Apache Tomcat/10.1.24]
2025-09-07T16:04:10.558+05:30  INFO 59925 --- [           main] o.a.c.c.C.[Tomcat].[localhost].[/]       : Initializing Spring embedded WebApplicationContext
2025-09-07T16:04:10.559+05:30  INFO 59925 --- [           main] w.s.c.ServletWebServerApplicationContext : Root WebApplicationContext: initialization completed in 345 ms
2025-09-07T16:04:10.567+05:30  INFO 59925 --- [           main] com.zaxxer.hikari.HikariDataSource       : HikariPool-1 - Starting...
2025-09-07T16:04:10.615+05:30  INFO 59925 --- [           main] com.zaxxer.hikari.pool.HikariPool        : HikariPool-1 - Added connection conn0: url=jdbc:h2:mem:testdb user=SA
2025-09-07T16:04:10.615+05:30  INFO 59925 --- [           main] com.zaxxer.hikari.HikariDataSource       : HikariPool-1 - Start completed.
2025-09-07T16:04:10.619+05:30  INFO 59925 --- [           main] o.s.b.a.h2.H2ConsoleAutoConfiguration    : H2 console available at '/h2-console'. Database available at 'jdbc:h2:mem:testdb'
2025-09-07T16:04:10.664+05:30  INFO 59925 --- [           main] o.hibernate.jpa.internal.util.LogHelper  : HHH000204: Processing PersistenceUnitInfo [name: default]
2025-09-07T16:04:10.677+05:30  INFO 59925 --- [           main] org.hibernate.Version                    : HHH000412: Hibernate ORM core version 6.4.4.Final
2025-09-07T16:04:10.685+05:30  INFO 59925 --- [           main] o.h.c.internal.RegionFactoryInitiator    : HHH000026: Second-level cache disabled
2025-09-07T16:04:10.744+05:30  INFO 59925 --- [           main] o.s.o.j.p.SpringPersistenceUnitInfo      : No LoadTimeWeaver setup: ignoring JPA class transformer
2025-09-07T16:04:10.755+05:30  WARN 59925 --- [           main] org.hibernate.orm.deprecation            : HHH90000025: H2Dialect does not need to be specified explicitly using 'hibernate.dialect' (remove the property setting and it will be selected by default)
2025-09-07T16:04:10.988+05:30  INFO 59925 --- [           main] o.h.e.t.j.p.i.JtaPlatformInitiator       : HHH000489: No JTA platform available (set 'hibernate.transaction.jta.platform' to enable JTA platform integration)
2025-09-07T16:04:11.007+05:30  INFO 59925 --- [           main] j.LocalContainerEntityManagerFactoryBean : Initialized JPA EntityManagerFactory for persistence unit 'default'
2025-09-07T16:04:11.110+05:30  WARN 59925 --- [           main] JpaBaseConfiguration$JpaWebConfiguration : spring.jpa.open-in-view is enabled by default. Therefore, database queries may be performed during view rendering. Explicitly configure spring.jpa.open-in-view to disable this warning
2025-09-07T16:04:11.115+05:30  WARN 59925 --- [           main] .s.s.UserDetailsServiceAutoConfiguration : 

Using generated security password: 82be9e74-dd86-4e36-ac78-253d89247585

This generated password is for development use only. Your security configuration must be updated before running your application in production.

2025-09-07T16:04:11.117+05:30  INFO 59925 --- [           main] r$InitializeUserDetailsManagerConfigurer : Global AuthenticationManager configured with UserDetailsService bean with name inMemoryUserDetailsManager
2025-09-07T16:04:11.187+05:30  INFO 59925 --- [           main] o.s.s.web.DefaultSecurityFilterChain     : Will secure any request with [org.springframework.security.web.session.DisableEncodeUrlFilter@75b25ec3, org.springframework.security.web.context.request.async.WebAsyncManagerIntegrationFilter@69e736bf, org.springframework.security.web.context.SecurityContextHolderFilter@4e53c6ef, org.springframework.security.web.header.HeaderWriterFilter@22cf1808, org.springframework.web.filter.CorsFilter@6b60d99c, org.springframework.security.web.authentication.logout.LogoutFilter@3f919230, com.shieldai.dashboard.security.JwtAuthenticationFilter@2ec99035, org.springframework.security.web.savedrequest.RequestCacheAwareFilter@345af277, org.springframework.security.web.servletapi.SecurityContextHolderAwareRequestFilter@3fc7abf6, org.springframework.security.web.authentication.AnonymousAuthenticationFilter@543a7605, org.springframework.security.web.session.SessionManagementFilter@507fecf3, org.springframework.security.web.access.ExceptionTranslationFilter@279e85eb, org.springframework.security.web.access.intercept.AuthorizationFilter@2c7607e5]
2025-09-07T16:04:11.251+05:30  INFO 59925 --- [           main] o.s.b.w.embedded.tomcat.TomcatWebServer  : Tomcat started on port 8080 (http) with context path '/'
2025-09-07T16:04:11.254+05:30  INFO 59925 --- [           main] c.s.d.ShieldAIDashboardApplication       : Started ShieldAIDashboardApplication in 1.147 seconds (process running for 1.238)
2025-09-07T16:04:12.145+05:30  INFO 59925 --- [nio-8080-exec-1] o.a.c.c.C.[Tomcat].[localhost].[/]       : Initializing Spring DispatcherServlet 'dispatcherServlet'
2025-09-07T16:04:12.145+05:30  INFO 59925 --- [nio-8080-exec-1] o.s.web.servlet.DispatcherServlet        : Initializing Servlet 'dispatcherServlet'
2025-09-07T16:04:12.146+05:30  INFO 59925 --- [nio-8080-exec-1] o.s.web.servlet.DispatcherServlet        : Completed initialization in 1 ms
✅ Email saved to: emails/test_email_2025-09-07_16-04-12.txt
2025-09-07T16:04:17.315+05:30  INFO 59925 --- [ionShutdownHook] j.LocalContainerEntityManagerFactoryBean : Closing JPA EntityManagerFactory for persistence unit 'default'
2025-09-07T16:04:17.316+05:30  INFO 59925 --- [ionShutdownHook] com.zaxxer.hikari.HikariDataSource       : HikariPool-1 - Shutdown initiated...
2025-09-07T16:04:17.317+05:30  INFO 59925 --- [ionShutdownHook] com.zaxxer.hikari.HikariDataSource       : HikariPool-1 - Shutdown completed.
